Not searching for unused variables given on the command line.
[36m--[0m The C compiler identification is GNU 9.4.0
[36m--[0m The CXX compiler identification is GNU 9.4.0
[36m--[0m Check for working C compiler: /usr/bin/cc
[36m--[0m Check for working C compiler: /usr/bin/cc -- works
[36m--[0m Detecting C compiler ABI info
[36m--[0m Detecting C compiler ABI info - done
[36m--[0m Detecting C compile features
[36m--[0m Detecting C compile features - done
[36m--[0m Check for working CXX compiler: /usr/bin/c++
[36m--[0m Check for working CXX compiler: /usr/bin/c++ -- works
[36m--[0m Detecting CXX compiler ABI info
[36m--[0m Detecting CXX compiler ABI info - done
[36m--[0m Detecting CXX compile features
[36m--[0m Detecting CXX compile features - done
[36m--[0m Using CATKIN_DEVEL_PREFIX: /home/ubuntu/docker-home/temalab_ws/devel/.private/chatter
[36m--[0m Using CMAKE_PREFIX_PATH: /home/ubuntu/docker-home/temalab_ws/devel;/opt/ros/noetic
[36m--[0m This workspace overlays: /home/ubuntu/docker-home/temalab_ws/devel;/opt/ros/noetic
[36m--[0m Found PythonInterp: /usr/bin/python3 (found suitable version "3.8.10", minimum required is "3")
[36m--[0m Using PYTHON_EXECUTABLE: /usr/bin/python3
[36m--[0m Using Debian Python package layout
[36m--[0m Found PY_em: /usr/lib/python3/dist-packages/em.py
[36m--[0m Using empy: /usr/lib/python3/dist-packages/em.py
[36m--[0m Using CATKIN_ENABLE_TESTING: ON
[36m--[0m Call enable_testing()
[36m--[0m Using CATKIN_TEST_RESULTS_DIR: /home/ubuntu/docker-home/temalab_ws/build/chatter/test_results
[36m--[0m Forcing gtest/gmock from source, though one was otherwise available.
[36m--[0m Found gtest sources under '/usr/src/googletest': gtests will be built
[36m--[0m Found gmock sources under '/usr/src/googletest': gmock will be built
[36m--[0m Found PythonInterp: /usr/bin/python3 (found version "3.8.10")
[36m--[0m Found Threads: TRUE
[36m--[0m Using Python nosetests: /usr/bin/nosetests3
[36m--[0m catkin 0.8.10
[36m--[0m BUILD_SHARED_LIBS is on
[31m[1mCMake Error[0m at /home/ubuntu/docker-home/temalab_ws/src/chatter/CMakeLists.txt:133 (add_executable):
  add_executable cannot create target "chatter" because another target with
  the same name already exists.  The existing target is an executable created
  in source directory "/home/ubuntu/docker-home/temalab_ws/src/chatter".  See
  documentation for policy CMP0002 for more details.


[36m--[0m Configuring incomplete, errors occurred!
See also "/home/ubuntu/docker-home/temalab_ws/build/chatter/CMakeFiles/CMakeOutput.log".
See also "/home/ubuntu/docker-home/temalab_ws/build/chatter/CMakeFiles/CMakeError.log".
