[35m[1mScanning dependencies of target listener_node[0m
[ 50%] [32mBuilding CXX object CMakeFiles/listener_node.dir/src/listener_node.cpp.o[0m
[100%] [32m[1mLinking CXX executable /home/ubuntu/docker-home/temalab_ws/devel/.private/listener/lib/listener/listener_node[0m
/usr/bin/ld: CMakeFiles/listener_node.dir/src/listener_node.cpp.o: in function `chatterCallback(boost::shared_ptr<std_msgs::String_<std::allocator<void> > const> const&)':
listener_node.cpp:(.text+0x42): undefined reference to `ros::console::g_initialized'
/usr/bin/ld: listener_node.cpp:(.text+0x52): undefined reference to `ros::console::initialize()'
/usr/bin/ld: listener_node.cpp:(.text+0x9f): undefined reference to `ros::console::initializeLogLocation(ros::console::LogLocation*, std::__cxx11::basic_string<char, std::char_traits<char>, std::allocator<char> > const&, ros::console::levels::Level)'
/usr/bin/ld: listener_node.cpp:(.text+0xdc): undefined reference to `ros::console::setLogLocationLevel(ros::console::LogLocation*, ros::console::levels::Level)'
/usr/bin/ld: listener_node.cpp:(.text+0xe8): undefined reference to `ros::console::checkLogLocationEnabled(ros::console::LogLocation*)'
/usr/bin/ld: listener_node.cpp:(.text+0x152): undefined reference to `ros::console::print(ros::console::FilterBase*, void*, ros::console::levels::Level, char const*, int, char const*, char const*, ...)'
/usr/bin/ld: CMakeFiles/listener_node.dir/src/listener_node.cpp.o: in function `main':
listener_node.cpp:(.text+0x220): undefined reference to `ros::init(int&, char**, std::__cxx11::basic_string<char, std::char_traits<char>, std::allocator<char> > const&, unsigned int)'
/usr/bin/ld: listener_node.cpp:(.text+0x2b2): undefined reference to `ros::NodeHandle::NodeHandle(std::__cxx11::basic_string<char, std::char_traits<char>, std::allocator<char> > const&, std::map<std::__cxx11::basic_string<char, std::char_traits<char>, std::allocator<char> >, std::__cxx11::basic_string<char, std::char_traits<char>, std::allocator<char> >, std::less<std::__cxx11::basic_string<char, std::char_traits<char>, std::allocator<char> > >, std::allocator<std::pair<std::__cxx11::basic_string<char, std::char_traits<char>, std::allocator<char> > const, std::__cxx11::basic_string<char, std::char_traits<char>, std::allocator<char> > > > > const&)'
/usr/bin/ld: listener_node.cpp:(.text+0x3d3): undefined reference to `ros::spin()'
/usr/bin/ld: listener_node.cpp:(.text+0x3e7): undefined reference to `ros::Subscriber::~Subscriber()'
/usr/bin/ld: listener_node.cpp:(.text+0x3f6): undefined reference to `ros::NodeHandle::~NodeHandle()'
/usr/bin/ld: listener_node.cpp:(.text+0x4ce): undefined reference to `ros::Subscriber::~Subscriber()'
/usr/bin/ld: listener_node.cpp:(.text+0x4dd): undefined reference to `ros::NodeHandle::~NodeHandle()'
/usr/bin/ld: CMakeFiles/listener_node.dir/src/listener_node.cpp.o: in function `ros::Subscriber ros::NodeHandle::subscribe<std_msgs::String_<std::allocator<void> > >(std::__cxx11::basic_string<char, std::char_traits<char>, std::allocator<char> > const&, unsigned int, void (*)(boost::shared_ptr<std_msgs::String_<std::allocator<void> > const> const&), ros::TransportHints const&)':
listener_node.cpp:(.text._ZN3ros10NodeHandle9subscribeIN8std_msgs7String_ISaIvEEEEENS_10SubscriberERKNSt7__cxx1112basic_stringIcSt11char_traitsIcESaIcEEEjPFvRKN5boost10shared_ptrIKT_EEERKNS_14TransportHintsE[_ZN3ros10NodeHandle9subscribeIN8std_msgs7String_ISaIvEEEEENS_10SubscriberERKNSt7__cxx1112basic_stringIcSt11char_traitsIcESaIcEEEjPFvRKN5boost10shared_ptrIKT_EEERKNS_14TransportHintsE]+0x110): undefined reference to `ros::NodeHandle::subscribe(ros::SubscribeOptions&)'
/usr/bin/ld: CMakeFiles/listener_node.dir/src/listener_node.cpp.o: in function `ros::SubscriptionCallbackHelperT<boost::shared_ptr<std_msgs::String_<std::allocator<void> > const> const&, void>::deserialize(ros::SubscriptionCallbackHelperDeserializeParams const&)':
listener_node.cpp:(.text._ZN3ros27SubscriptionCallbackHelperTIRKN5boost10shared_ptrIKN8std_msgs7String_ISaIvEEEEEvE11deserializeERKNS_43SubscriptionCallbackHelperDeserializeParamsE[_ZN3ros27SubscriptionCallbackHelperTIRKN5boost10shared_ptrIKN8std_msgs7String_ISaIvEEEEEvE11deserializeERKNS_43SubscriptionCallbackHelperDeserializeParamsE]+0x65): undefined reference to `ros::console::g_initialized'
/usr/bin/ld: listener_node.cpp:(.text._ZN3ros27SubscriptionCallbackHelperTIRKN5boost10shared_ptrIKN8std_msgs7String_ISaIvEEEEEvE11deserializeERKNS_43SubscriptionCallbackHelperDeserializeParamsE[_ZN3ros27SubscriptionCallbackHelperTIRKN5boost10shared_ptrIKN8std_msgs7String_ISaIvEEEEEvE11deserializeERKNS_43SubscriptionCallbackHelperDeserializeParamsE]+0x75): undefined reference to `ros::console::initialize()'
/usr/bin/ld: listener_node.cpp:(.text._ZN3ros27SubscriptionCallbackHelperTIRKN5boost10shared_ptrIKN8std_msgs7String_ISaIvEEEEEvE11deserializeERKNS_43SubscriptionCallbackHelperDeserializeParamsE[_ZN3ros27SubscriptionCallbackHelperTIRKN5boost10shared_ptrIKN8std_msgs7String_ISaIvEEEEEvE11deserializeERKNS_43SubscriptionCallbackHelperDeserializeParamsE]+0xc2): undefined reference to `ros::console::initializeLogLocation(ros::console::LogLocation*, std::__cxx11::basic_string<char, std::char_traits<char>, std::allocator<char> > const&, ros::console::levels::Level)'
/usr/bin/ld: listener_node.cpp:(.text._ZN3ros27SubscriptionCallbackHelperTIRKN5boost10shared_ptrIKN8std_msgs7String_ISaIvEEEEEvE11deserializeERKNS_43SubscriptionCallbackHelperDeserializeParamsE[_ZN3ros27SubscriptionCallbackHelperTIRKN5boost10shared_ptrIKN8std_msgs7String_ISaIvEEEEEvE11deserializeERKNS_43SubscriptionCallbackHelperDeserializeParamsE]+0xfe): undefined reference to `ros::console::setLogLocationLevel(ros::console::LogLocation*, ros::console::levels::Level)'
/usr/bin/ld: listener_node.cpp:(.text._ZN3ros27SubscriptionCallbackHelperTIRKN5boost10shared_ptrIKN8std_msgs7String_ISaIvEEEEEvE11deserializeERKNS_43SubscriptionCallbackHelperDeserializeParamsE[_ZN3ros27SubscriptionCallbackHelperTIRKN5boost10shared_ptrIKN8std_msgs7String_ISaIvEEEEEvE11deserializeERKNS_43SubscriptionCallbackHelperDeserializeParamsE]+0x10a): undefined reference to `ros::console::checkLogLocationEnabled(ros::console::LogLocation*)'
/usr/bin/ld: listener_node.cpp:(.text._ZN3ros27SubscriptionCallbackHelperTIRKN5boost10shared_ptrIKN8std_msgs7String_ISaIvEEEEEvE11deserializeERKNS_43SubscriptionCallbackHelperDeserializeParamsE[_ZN3ros27SubscriptionCallbackHelperTIRKN5boost10shared_ptrIKN8std_msgs7String_ISaIvEEEEEvE11deserializeERKNS_43SubscriptionCallbackHelperDeserializeParamsE]+0x187): undefined reference to `ros::console::print(ros::console::FilterBase*, void*, ros::console::levels::Level, char const*, int, char const*, char const*, ...)'
/usr/bin/ld: CMakeFiles/listener_node.dir/src/listener_node.cpp.o: in function `void ros::serialization::Serializer<std::__cxx11::basic_string<char, std::char_traits<char>, std::allocator<char> > >::read<ros::serialization::IStream>(ros::serialization::IStream&, std::__cxx11::basic_string<char, std::char_traits<char>, std::allocator<char> >&)':
listener_node.cpp:(.text._ZN3ros13serialization10SerializerINSt7__cxx1112basic_stringIcSt11char_traitsIcESaIcEEEE4readINS0_7IStreamEEEvRT_RS7_[_ZN3ros13serialization10SerializerINSt7__cxx1112basic_stringIcSt11char_traitsIcESaIcEEEE4readINS0_7IStreamEEEvRT_RS7_]+0x9e): undefined reference to `ros::serialization::throwStreamOverrun()'
/usr/bin/ld: CMakeFiles/listener_node.dir/src/listener_node.cpp.o: in function `void ros::serialization::Serializer<unsigned int>::read<ros::serialization::IStream>(ros::serialization::IStream&, unsigned int&)':
listener_node.cpp:(.text._ZN3ros13serialization10SerializerIjE4readINS0_7IStreamEEEvRT_Rj[_ZN3ros13serialization10SerializerIjE4readINS0_7IStreamEEEvRT_Rj]+0x57): undefined reference to `ros::serialization::throwStreamOverrun()'
collect2: error: ld returned 1 exit status
make[2]: *** [CMakeFiles/listener_node.dir/build.make:84: /home/ubuntu/docker-home/temalab_ws/devel/.private/listener/lib/listener/listener_node] Error 1
make[1]: *** [CMakeFiles/Makefile2:155: CMakeFiles/listener_node.dir/all] Error 2
make: *** [Makefile:141: all] Error 2
